<?xml version='1.0' encoding='UTF-8'?>
<testsuite hostname="LT15-11010-R" name="eLTLtest" tests="10" errors="0" failures="0" skipped="0" time="11.412" timestamp="2021-09-20T03:55:06">
                     <properties>
[...]
</properties>
                     <testcase classname="eLTLtest" name="TC 01: apply" time="0.893">
                                                 
                                               </testcase><testcase classname="eLTLtest" name="TC 03: parse" time="0.5">
                                                 
                                               </testcase><testcase classname="eLTLtest" name="TC 04: intervallPQ" time="0.013">
                                                 
                                               </testcase><testcase classname="eLTLtest" name="TC 05: Interval formula" time="0.276">
                                                 
                                               </testcase><testcase classname="eLTLtest" name="TC 06: UntilPQ" time="1.329">
                                                 
                                               </testcase><testcase classname="eLTLtest" name="TC 07: UntilP: List((2,2))" time="1.712">
                                                 
                                               </testcase><testcase classname="eLTLtest" name="TC 08: EventuallyPQ, def. directa vs def. recursiva" time="2.262">
                                                 
                                               </testcase><testcase classname="eLTLtest" name="TC 09: EventuallyP, def. directa vs def. recursiva" time="1.478">
                                                 
                                               </testcase><testcase classname="eLTLtest" name="TC 10: AlwaysPQ, def. directa vs def. recursiva" time="1.721">
                                                 
                                               </testcase><testcase classname="eLTLtest" name="TC 11: AlwaysP, def. directa vs def. recursiva" time="1.228">
                                                 
                                               </testcase>
                     <system-out><![CDATA[]]></system-out>
                     <system-err><![CDATA[]]></system-err>
                   </testsuite>